[    0.000000] Initializing cgroup subsys cpuset
[    0.000000] Initializing cgroup subsys cpu
[    0.000000] Initializing cgroup subsys cpuacct
[    0.000000] Linux version 4.4.0-116-generic (buildd@lgw01-amd64-021) (gcc version 5.4.0 20160609 (Ubuntu 5.4.0-6ubuntu1~16.04.9) ) #140-Ubuntu SMP Mon Feb 12 21:23:04 UTC 2018 (Ubuntu 4.4.0-116.140-generic 4.4.98)
[    0.000000] Command line: BOOT_IMAGE=/boot/vmlinuz-4.4.0-116-generic root=LABEL=cloudimg-rootfs ro console=tty1 console=ttyS0
[    0.000000] KERNEL supported cpus:
[    0.000000]   Intel GenuineIntel
[    0.000000]   AMD AuthenticAMD
[    0.000000]   Centaur CentaurHauls
[    0.000000] x86/fpu: xstate_offset[2]:  576, xstate_sizes[2]:  256
[    0.000000] x86/fpu: Supporting XSAVE feature 0x01: 'x87 floating point registers'
[    0.000000] x86/fpu: Supporting XSAVE feature 0x02: 'SSE registers'
[    0.000000] x86/fpu: Supporting XSAVE feature 0x04: 'AVX registers'
[    0.000000] x86/fpu: Enabled xstate features 0x7, context size is 832 bytes, using 'standard' format.
[    0.000000] x86/fpu: Using 'lazy' FPU context switches.
[    0.000000] e820: BIOS-provided physical RAM map:
[    0.000000] BIOS-e820: [mem 0x0000000000000000-0x000000000009fbff] usable
[    0.000000] BIOS-e820: [mem 0x000000000009fc00-0x000000000009ffff] reserved
[    0.000000] BIOS-e820: [mem 0x00000000000f0000-0x00000000000fffff] reserved
[    0.000000] BIOS-e820: [mem 0x0000000000100000-0x000000003ffeffff] usable
[    0.000000] BIOS-e820: [mem 0x000000003fff0000-0x000000003fffffff] ACPI data
[    0.000000] BIOS-e820: [mem 0x00000000fec00000-0x00000000fec00fff] reserved
[    0.000000] BIOS-e820: [mem 0x00000000fee00000-0x00000000fee00fff] reserved
[    0.000000] BIOS-e820: [mem 0x00000000fffc0000-0x00000000ffffffff] reserved
[    0.000000] NX (Execute Disable) protection: active
[    0.000000] SMBIOS 2.5 present.
[    0.000000] Hypervisor detected: KVM
[    0.000000] e820: last_pfn = 0x3fff0 max_arch_pfn = 0x400000000
[    0.000000] MTRR: Disabled
[    0.000000] x86/PAT: MTRRs disabled, skipping PAT initialization too.
[    0.000000] CPU MTRRs all blank - virtualized system.
[    0.000000] x86/PAT: Configuration [0-7]: WB  WT  UC- UC  WB  WT  UC- UC  
[    0.000000] found SMP MP-table at [mem 0x0009fff0-0x0009ffff] mapped at [ffff88000009fff0]
[    0.000000] Scanning 1 areas for low memory corruption
[    0.000000] RAMDISK: [mem 0x36ac2000-0x37558fff]
[    0.000000] ACPI: Early table checksum verification disabled
[    0.000000] ACPI: RSDP 0x00000000000E0000 000024 (v02 VBOX  )
[    0.000000] ACPI: XSDT 0x000000003FFF0030 00003C (v01 VBOX   VBOXXSDT 00000001 ASL  00000061)
[    0.000000] ACPI: FACP 0x000000003FFF00F0 0000F4 (v04 VBOX   VBOXFACP 00000001 ASL  00000061)
[    0.000000] ACPI: DSDT 0x000000003FFF0470 0021FF (v02 VBOX   VBOXBIOS 00000002 INTL 20100528)
[    0.000000] ACPI: FACS 0x000000003FFF0200 000040
[    0.000000] ACPI: FACS 0x000000003FFF0200 000040
[    0.000000] ACPI: APIC 0x000000003FFF0240 000054 (v02 VBOX   VBOXAPIC 00000001 ASL  00000061)
[    0.000000] ACPI: SSDT 0x000000003FFF02A0 0001CC (v01 VBOX   VBOXCPUT 00000002 INTL 20100528)
[    0.000000] No NUMA configuration found
[    0.000000] Faking a node at [mem 0x0000000000000000-0x000000003ffeffff]
[    0.000000] NODE_DATA(0) allocated [mem 0x3ffeb000-0x3ffeffff]
[    0.000000] kvm-clock: Using msrs 4b564d01 and 4b564d00
[    0.000000] kvm-clock: cpu 0, msr 0:3ffe3001, primary cpu clock
[    0.000000] kvm-clock: using sched offset of 3253259532 cycles
[    0.000000] clocksource: kvm-clock: mask: 0xffffffffffffffff max_cycles: 0x1cd42e4dffb, max_idle_ns: 881590591483 ns
[    0.000000] Zone ranges:
[    0.000000]   DMA      [mem 0x0000000000001000-0x0000000000ffffff]
[    0.000000]   DMA32    [mem 0x0000000001000000-0x000000003ffeffff]
[    0.000000]   Normal   empty
[    0.000000]   Device   empty
[    0.000000] Movable zone start for each node
[    0.000000] Early memory node ranges
[    0.000000]   node   0: [mem 0x0000000000001000-0x000000000009efff]
[    0.000000]   node   0: [mem 0x0000000000100000-0x000000003ffeffff]
[    0.000000] Initmem setup node 0 [mem 0x0000000000001000-0x000000003ffeffff]
[    0.000000] ACPI: PM-Timer IO Port: 0x4008
[    0.000000] IOAPIC[0]: apic_id 1, version 32, address 0xfec00000, GSI 0-23
[    0.000000] ACPI: INT_SRC_OVR (bus 0 bus_irq 0 global_irq 2 dfl dfl)
[    0.000000] ACPI: INT_SRC_OVR (bus 0 bus_irq 9 global_irq 9 low level)
[    0.000000] Using ACPI (MADT) for SMP configuration information
[    0.000000] smpboot: Allowing 1 CPUs, 0 hotplug CPUs
[    0.000000] PM: Registered nosave memory: [mem 0x00000000-0x00000fff]
[    0.000000] PM: Registered nosave memory: [mem 0x0009f000-0x0009ffff]
[    0.000000] PM: Registered nosave memory: [mem 0x000a0000-0x000effff]
[    0.000000] PM: Registered nosave memory: [mem 0x000f0000-0x000fffff]
[    0.000000] e820: [mem 0x40000000-0xfebfffff] available for PCI devices
[    0.000000] Booting paravirtualized kernel on KVM
[    0.000000] clocksource: refined-jiffies: mask: 0xffffffff max_cycles: 0xffffffff, max_idle_ns: 7645519600211568 ns
[    0.000000] setup_percpu: NR_CPUS:512 nr_cpumask_bits:512 nr_cpu_ids:1 nr_node_ids:1
[    0.000000] PERCPU: Embedded 34 pages/cpu @ffff88003fc00000 s99544 r8192 d31528 u2097152
[    0.000000] PV qspinlock hash table entries: 256 (order: 0, 4096 bytes)
[    0.000000] Built 1 zonelists in Node order, mobility grouping on.  Total pages: 257913
[    0.000000] Policy zone: DMA32
[    0.000000] Kernel command line: BOOT_IMAGE=/boot/vmlinuz-4.4.0-116-generic root=LABEL=cloudimg-rootfs ro console=tty1 console=ttyS0
[    0.000000] PID hash table entries: 4096 (order: 3, 32768 bytes)
[    0.000000] Memory: 1001824K/1048120K available (8530K kernel code, 1309K rwdata, 3992K rodata, 1508K init, 1316K bss, 46296K reserved, 0K cma-reserved)
[    0.000000] SLUB: HWalign=64, Order=0-3, MinObjects=0, CPUs=1, Nodes=1
[    0.000000] Kernel/User page tables isolation: enabled
[    0.000000] Hierarchical RCU implementation.
[    0.000000] 	Build-time adjustment of leaf fanout to 64.
[    0.000000] 	RCU restricting CPUs from NR_CPUS=512 to nr_cpu_ids=1.
[    0.000000] RCU: Adjusting geometry for rcu_fanout_leaf=64, nr_cpu_ids=1
[    0.000000] NR_IRQS:33024 nr_irqs:256 16
[    0.000000] Console: colour VGA+ 80x25
[    0.000000] console [tty1] enabled
[    0.000000] console [ttyS0] enabled
[    0.000000] tsc: Detected 3095.998 MHz processor
[    2.225110] Calibrating delay loop (skipped) preset value.. 6191.99 BogoMIPS (lpj=12383992)
[    2.251147] pid_max: default: 32768 minimum: 301
[    2.421865] ACPI: Core revision 20150930
[    2.509401] ACPI: 2 ACPI AML tables successfully acquired and loaded
[    2.547307] Security Framework initialized
[    2.566033] Yama: becoming mindful.
[    2.579242] AppArmor: AppArmor initialized
[    2.595133] Dentry cache hash table entries: 131072 (order: 8, 1048576 bytes)
[    2.626115] Inode-cache hash table entries: 65536 (order: 7, 524288 bytes)
[    2.636662] Mount-cache hash table entries: 2048 (order: 2, 16384 bytes)
[    2.652683] Mountpoint-cache hash table entries: 2048 (order: 2, 16384 bytes)
[    2.689078] Initializing cgroup subsys io
[    2.712044] Initializing cgroup subsys memory
[    2.739485] Initializing cgroup subsys devices
[    2.754699] Initializing cgroup subsys freezer
[    2.771467] Initializing cgroup subsys net_cls
[    2.819339] Initializing cgroup subsys perf_event
[    2.832397] Initializing cgroup subsys net_prio
[    2.853771] Initializing cgroup subsys hugetlb
[    2.863240] Initializing cgroup subsys pids
[    2.871069] CPU: Physical Processor ID: 0
[    2.984264] FEATURE SPEC_CTRL Not Present
[    3.033507] mce: CPU supports 0 MCE banks
[    3.050645] process: using mwait in idle threads
[    3.081776] Last level iTLB entries: 4KB 64, 2MB 8, 4MB 8
[    3.115254] Last level dTLB entries: 4KB 64, 2MB 0, 4MB 0, 1GB 4
[    3.132029] Spectre V2 mitigation: Mitigation: Full generic retpoline
[    3.136584] Spectre V2 mitigation: Speculation control IBPB not-supported IBRS not-supported
[    3.205223] Freeing SMP alternatives memory: 32K
[    3.240848] ftrace: allocating 32186 entries in 126 pages
[    3.354376] smpboot: APIC(0) Converting physical 0 to logical package 0
[    3.388649] smpboot: Max logical packages: 1
[    3.399386] x2apic enabled
[    3.412592] Switched APIC routing to physical x2apic.
[    3.449113] ..TIMER: vector=0x30 apic1=0 pin1=2 apic2=-1 pin2=-1
[    3.579317] smpboot: CPU0: Intel(R) Core(TM) i5-7267U CPU @ 3.10GHz (family: 0x6, model: 0x8e, stepping: 0x9)
[    3.720959] Performance Events: unsupported p6 CPU model 142 no PMU driver, software events only.
[    3.798125] KVM setup paravirtual spinlock
[    3.806142] x86: Booted up 1 node, 1 CPUs
[    3.822165] smpboot: Total of 1 processors activated (6191.99 BogoMIPS)
[    3.835603] devtmpfs: initialized
[    3.853676] evm: security.selinux
[    3.877714] evm: security.SMACK64
[    3.879174] evm: security.SMACK64EXEC
[    3.882381] evm: security.SMACK64TRANSMUTE
[    3.889387] evm: security.SMACK64MMAP
[    3.919631] evm: security.ima
[    3.977064] evm: security.capability
[    4.018659] clocksource: jiffies: mask: 0xffffffff max_cycles: 0xffffffff, max_idle_ns: 7645041785100000 ns
[    4.028487] futex hash table entries: 256 (order: 2, 16384 bytes)
[    4.046517] pinctrl core: initialized pinctrl subsystem
[    4.058369] RTC time: 15:08:53, date: 03/22/18
[    4.096140] NET: Registered protocol family 16
[    4.114584] cpuidle: using governor ladder
[    4.137732] cpuidle: using governor menu
[    4.169651] PCCT header not found.
[    4.172467] ACPI: bus type PCI registered
[    4.192347] acpiphp: ACPI Hot Plug PCI Controller Driver version: 0.5
[    4.198925] PCI: Using configuration type 1 for base access
[    4.222596] ACPI: Added _OSI(Module Device)
[    4.226395] ACPI: Added _OSI(Processor Device)
[    4.229583] ACPI: Added _OSI(3.0 _SCP Extensions)
[    4.238952] ACPI: Added _OSI(Processor Aggregator Device)
[    4.275855] ACPI: Executed 1 blocks of module-level executable AML code
[    4.294582] ACPI: Interpreter enabled
[    4.295623] ACPI: (supports S0 S5)
[    4.304580] ACPI: Using IOAPIC for interrupt routing
[    4.316836] PCI: Using host bridge windows from ACPI; if necessary, use "pci=nocrs" and report a bug
[    4.360270] ACPI: PCI Root Bridge [PCI0] (domain 0000 [bus 00-ff])
[    4.385551] acpi PNP0A03:00: _OSC: OS supports [ASPM ClockPM Segments MSI]
[    4.410224] acpi PNP0A03:00: _OSC: not requesting OS control; OS requires [ExtendedConfig ASPM ClockPM MSI]
[    4.438930] acpi PNP0A03:00: fail to add MMCONFIG information, can't access extended PCI configuration space under this bridge.
[    4.489575] PCI host bridge to bus 0000:00
[    4.505277] pci_bus 0000:00: root bus resource [io  0x0000-0x0cf7 window]
[    4.513300] pci_bus 0000:00: root bus resource [io  0x0d00-0xffff window]
[    4.531171] pci_bus 0000:00: root bus resource [mem 0x000a0000-0x000bffff window]
[    4.588296] pci_bus 0000:00: root bus resource [mem 0x40000000-0xfdffffff window]
[    4.637198] pci_bus 0000:00: root bus resource [bus 00-ff]
[    4.657452] pci 0000:00:01.1: legacy IDE quirk: reg 0x10: [io  0x01f0-0x01f7]
[    4.693330] pci 0000:00:01.1: legacy IDE quirk: reg 0x14: [io  0x03f6]
[    4.743482] pci 0000:00:01.1: legacy IDE quirk: reg 0x18: [io  0x0170-0x0177]
[    4.782442] pci 0000:00:01.1: legacy IDE quirk: reg 0x1c: [io  0x0376]
[    4.827643] pci 0000:00:07.0: quirk: [io  0x4000-0x403f] claimed by PIIX4 ACPI
[    4.864130] pci 0000:00:07.0: quirk: [io  0x4100-0x410f] claimed by PIIX4 SMB
[    4.917873] ACPI: PCI Interrupt Link [LNKA] (IRQs 5 9 10 *11)
[    4.991507] ACPI: PCI Interrupt Link [LNKB] (IRQs 5 9 *10 11)
[    5.010302] ACPI: PCI Interrupt Link [LNKC] (IRQs 5 *9 10 11)
[    5.017151] ACPI: PCI Interrupt Link [LNKD] (IRQs 5 9 10 *11)
[    5.030868] ACPI: Enabled 2 GPEs in block 00 to 07
[    5.033704] vgaarb: setting as boot device: PCI:0000:00:02.0
[    5.038602] vgaarb: device added: PCI:0000:00:02.0,decodes=io+mem,owns=io+mem,locks=none
[    5.061478] vgaarb: loaded
[    5.065322] vgaarb: bridge control possible 0000:00:02.0
[    5.083071] SCSI subsystem initialized
[    5.093106] ACPI: bus type USB registered
[    5.099137] usbcore: registered new interface driver usbfs
[    5.106281] usbcore: registered new interface driver hub
[    5.113953] usbcore: registered new device driver usb
[    5.119372] PCI: Using ACPI for IRQ routing
[    5.135627] NetLabel: Initializing
[    5.168280] NetLabel:  domain hash size = 128
[    5.191938] NetLabel:  protocols = UNLABELED CIPSOv4
[    5.193270] NetLabel:  unlabeled traffic allowed by default
[    5.204301] amd_nb: Cannot enumerate AMD northbridges
[    5.237745] clocksource: Switched to clocksource kvm-clock
[    5.338462] AppArmor: AppArmor Filesystem Enabled
[    5.375009] pnp: PnP ACPI init
[    5.392490] pnp: PnP ACPI: found 3 devices
[    5.419194] clocksource: acpi_pm: mask: 0xffffff max_cycles: 0xffffff, max_idle_ns: 2085701024 ns
[    5.502211] NET: Registered protocol family 2
[    5.507731] TCP established hash table entries: 8192 (order: 4, 65536 bytes)
[    5.547099] TCP bind hash table entries: 8192 (order: 5, 131072 bytes)
[    5.581908] TCP: Hash tables configured (established 8192 bind 8192)
[    5.583599] UDP hash table entries: 512 (order: 2, 16384 bytes)
[    5.585339] UDP-Lite hash table entries: 512 (order: 2, 16384 bytes)
[    5.627697] NET: Registered protocol family 1
[    5.642545] pci 0000:00:00.0: Limiting direct PCI/PCI transfers
[    5.665335] pci 0000:00:01.0: Activating ISA DMA hang workarounds
[    5.752074] Unpacking initramfs...
[    8.173013] Freeing initrd memory: 10844K
[    8.209885] platform rtc_cmos: registered platform RTC device (no PNP device found)
[    8.287344] Scanning for low memory corruption every 60 seconds
[    8.306526] audit: initializing netlink subsys (disabled)
[    8.333435] audit: type=2000 audit(1521731337.693:1): initialized
[    8.343149] Initialise system trusted keyring
[    8.354301] HugeTLB registered 2 MB page size, pre-allocated 0 pages
[    8.374896] zbud: loaded
[    8.381329] VFS: Disk quotas dquot_6.6.0
[    8.385960] VFS: Dquot-cache hash table entries: 512 (order 0, 4096 bytes)
[    8.392971] squashfs: version 4.0 (2009/01/31) Phillip Lougher
[    8.394687] fuse init (API version 7.23)
[    8.395873] Key type big_key registered
[    8.398132] Allocating IMA MOK and blacklist keyrings.
[    8.406312] Key type asymmetric registered
[    8.407448] Asymmetric key parser 'x509' registered
[    8.452227] Block layer SCSI generic (bsg) driver version 0.4 loaded (major 249)
[    8.504016] io scheduler noop registered
[    8.528009] io scheduler deadline registered (default)
[    8.599159] io scheduler cfq registered
[    8.642586] pci_hotplug: PCI Hot Plug PCI Core version: 0.5
[    8.672909] pciehp: PCI Express Hot Plug Controller Driver version: 0.4
[    8.704716] ACPI: AC Adapter [AC] (on-line)
[    8.722781] input: Power Button as /devices/LNXSYSTM:00/LNXPWRBN:00/input/input0
[    8.751672] ACPI: Power Button [PWRF]
[    8.768990] input: Sleep Button as /devices/LNXSYSTM:00/LNXSLPBN:00/input/input1
[    8.789359] ACPI: Sleep Button [SLPF]
[    8.792323] ACPI: Battery Slot [BAT0] (battery present)
[    8.812283] GHES: HEST is not enabled!
[    8.818555] Serial: 8250/16550 driver, 32 ports, IRQ sharing enabled
[    8.881557] 00:02: ttyS0 at I/O 0x3f8 (irq = 4, base_baud = 115200) is a 16550A
[    8.919958] Linux agpgart interface v0.103
[    8.937367] loop: module loaded
[    8.965217] scsi host0: ata_piix
[    8.982660] scsi host1: ata_piix
[    8.992190] ata1: PATA max UDMA/33 cmd 0x1f0 ctl 0x3f6 bmdma 0xd000 irq 14
[    9.035690] ata2: PATA max UDMA/33 cmd 0x170 ctl 0x376 bmdma 0xd008 irq 15
[    9.187902] libphy: Fixed MDIO Bus: probed
[    9.274505] tsc: Refined TSC clocksource calibration: 3096.644 MHz
[    9.361751] clocksource: tsc: mask: 0xffffffffffffffff max_cycles: 0x2ca2e5c9329, max_idle_ns: 440795317424 ns
[    9.470377] tun: Universal TUN/TAP device driver, 1.6
[    9.518940] tun: (C) 1999-2004 Max Krasnyansky <maxk@qualcomm.com>
[    9.571953] PPP generic driver version 2.4.2
[    9.585073] ehci_hcd: USB 2.0 'Enhanced' Host Controller (EHCI) Driver
[    9.649588] ehci-pci: EHCI PCI platform driver
[    9.676794] ehci-platform: EHCI generic platform driver
[    9.743757] ohci_hcd: USB 1.1 'Open' Host Controller (OHCI) Driver
[    9.778883] ohci-pci: OHCI PCI platform driver
[    9.832452] ohci-platform: OHCI generic platform driver
[    9.852934] uhci_hcd: USB Universal Host Controller Interface driver
[    9.883532] i8042: PNP: PS/2 Controller [PNP0303:PS2K,PNP0f03:PS2M] at 0x60,0x64 irq 1,12
[    9.886527] serio: i8042 KBD port at 0x60,0x64 irq 1
[    9.934848] serio: i8042 AUX port at 0x60,0x64 irq 12
[    9.977500] mousedev: PS/2 mouse device common for all mice
[   10.052329] input: AT Translated Set 2 keyboard as /devices/platform/i8042/serio0/input/input2
[   10.153734] rtc_cmos rtc_cmos: rtc core: registered rtc_cmos as rtc0
[   10.191386] rtc_cmos rtc_cmos: alarms up to one day, 114 bytes nvram
[   10.214764] i2c /dev entries driver
[   10.228159] device-mapper: uevent: version 1.0.3
[   10.251532] device-mapper: ioctl: 4.34.0-ioctl (2015-10-28) initialised: dm-devel@redhat.com
[   10.330872] ledtrig-cpu: registered to indicate activity on CPUs
[   10.394811] NET: Registered protocol family 10
[   10.422553] NET: Registered protocol family 17
[   10.457219] Key type dns_resolver registered
[   10.511923] microcode: CPU0 sig=0x806e9, pf=0x2, revision=0x0
[   10.595542] microcode: Microcode Update Driver: v2.01 <tigran@aivazian.fsnet.co.uk>, Peter Oruba
[   10.695949] registered taskstats version 1
[   10.709674] Loading compiled-in X.509 certificates
[   10.767788] Loaded X.509 cert 'Build time autogenerated kernel key: aa84f01984fbd529c105810b59e379d349698248'
[   10.874646] zswap: loaded using pool lzo/zbud
[   10.958783] Key type trusted registered
[   10.979776] Key type encrypted registered
[   10.996664] AppArmor: AppArmor sha1 policy hashing enabled
[   11.049344] ima: No TPM chip found, activating TPM-bypass!
[   11.068536] evm: HMAC attrs: 0x1
[   11.080456]   Magic number: 10:290:134
[   11.084847] pci 0000:00:03.0: hash matches
[   11.095849] rtc_cmos rtc_cmos: setting system clock to 2018-03-22 15:09:00 UTC (1521731340)
[   11.105187] BIOS EDD facility v0.16 2004-Jun-25, 0 devices found
[   11.134684] EDD information not available.
[   11.149559] Freeing unused kernel memory: 1508K
[   11.156449] Write protecting the kernel read-only data: 14336k
[   11.187583] Freeing unused kernel memory: 1700K
[   11.199700] Freeing unused kernel memory: 104K
Loading, please wait...
starting version[   11.245903] random: udevadm: uninitialized urandom read (16 bytes read, 7 bits of entropy available)
 229
[   11.271057] random: systemd-udevd: uninitialized urandom read (16 bytes read, 7 bits of entropy available)
[   11.285405] random: systemd-udevd: uninitialized urandom read (16 bytes read, 7 bits of entropy available)
[   11.304775] random: udevadm: uninitialized urandom read (16 bytes read, 7 bits of entropy available)
[   11.314001] random: systemd-udevd: uninitialized urandom read (16 bytes read, 7 bits of entropy available)
[   11.346166] random: udevadm: uninitialized urandom read (16 bytes read, 7 bits of entropy available)
[   11.368785] random: systemd-udevd: uninitialized urandom read (16 bytes read, 7 bits of entropy available)
[   11.380751] random: udevadm: uninitialized urandom read (16 bytes read, 7 bits of entropy available)
[   11.385029] random: udevadm: uninitialized urandom read (16 bytes read, 7 bits of entropy available)
[   11.397534] random: systemd-udevd: uninitialized urandom read (16 bytes read, 7 bits of entropy available)
[   11.561135] Fusion MPT base driver 3.04.20
[   11.591242] Copyright (c) 1999-2008 LSI Corporation
[   11.638382] e1000: Intel(R) PRO/1000 Network Driver - version 7.3.21-k8-NAPI
[   11.669551] e1000: Copyright (c) 1999-2006 Intel Corporation.
[   11.713109] AVX2 version of gcm_enc/dec engaged.
[   11.728664] AES CTR mode by8 optimization enabled
[   11.775496] Fusion MPT SPI Host driver 3.04.20
[   11.893212] input: ImExPS/2 Generic Explorer Mouse as /devices/platform/i8042/serio1/input/input4
[   12.306918] e1000 0000:00:03.0 eth0: (PCI:33MHz:32-bit) 02:ec:c5:86:c8:d5
[   12.337104] e1000 0000:00:03.0 eth0: Intel(R) PRO/1000 Network Connection
[   12.367520] mptbase: ioc0: Initiating bringup
[   12.458804] ioc0: LSI53C1030 A0: Capabilities={Initiator}
[   12.656398] scsi host2: ioc0: LSI53C1030 A0, FwRev=00000000h, Ports=1, MaxQ=256, IRQ=20
[   12.825263] scsi 2:0:0:0: Direct-Access     VBOX     HARDDISK         1.0  PQ: 0 ANSI: 5
[   12.830048] scsi target2:0:0: Beginning Domain Validation
[   12.835304] scsi target2:0:0: Domain Validation skipping write tests
[   12.856655] scsi target2:0:0: Ending Domain Validation
[   12.893248] scsi target2:0:0: asynchronous
[   12.935488] scsi 2:0:1:0: Direct-Access     VBOX     HARDDISK         1.0  PQ: 0 ANSI: 5
[   13.032261] scsi target2:0:1: Beginning Domain Validation
[   13.134676] scsi target2:0:1: Domain Validation skipping write tests
[   13.183257] scsi target2:0:1: Ending Domain Validation
[   13.307017] scsi target2:0:1: asynchronous
[   13.472768] sd 2:0:0:0: Attached scsi generic sg0 type 0
[   13.503810] sd 2:0:0:0: [sda] 20971520 512-byte logical blocks: (10.7 GB/10.0 GiB)
[   13.526035] sd 2:0:0:0: [sda] Write Protect is off
[   13.562226] sd 2:0:1:0: [sdb] 20480 512-byte logical blocks: (10.5 MB/10.0 MiB)
[   13.607123] sd 2:0:1:0: Attached scsi generic sg1 type 0
[   13.640347] e1000 0000:00:08.0 eth1: (PCI:33MHz:32-bit) 08:00:27:7d:65:15
[   13.658699] e1000 0000:00:08.0 eth1: Intel(R) PRO/1000 Network Connection
[   13.704832] sd 2:0:0:0: [sda] Incomplete mode parameter data
[   13.726396] sd 2:0:0:0: [sda] Assuming drive cache: write through
[   13.757888] sd 2:0:1:0: [sdb] Write Protect is off
[   13.794585] e1000 0000:00:08.0 enp0s8: renamed from eth1
[   13.826016] sd 2:0:1:0: [sdb] Incomplete mode parameter data
[   13.849369] sd 2:0:1:0: [sdb] Assuming drive cache: write through
[   13.879595] e1000 0000:00:03.0 enp0s3: renamed from eth0
[   13.946130]  sda: sda1
[   13.968219] sd 2:0:1:0: [sdb] Attached SCSI disk
[   14.006730] sd 2:0:0:0: [sda] Attached SCSI disk
[   14.713885] floppy0: no floppy controllers found
Begin: Loading essential drivers ... [   16.104499] md: linear personality registered for level -1
[   16.117298] md: multipath personality registered for level -4
[   16.158154] md: raid0 personality registered for level 0
[   16.182026] md: raid1 personality registered for level 1
[   16.290054] raid6: sse2x1   gen()  7112 MB/s
[   16.365807] raid6: sse2x1   xor()  5510 MB/s
[   16.445834] raid6: sse2x2   gen()  8601 MB/s
[   16.533800] raid6: sse2x2   xor()  6757 MB/s
[   16.621819] raid6: sse2x4   gen() 10261 MB/s
[   16.710149] raid6: sse2x4   xor()  7660 MB/s
[   16.801770] raid6: avx2x1   gen() 11152 MB/s
[   16.906074] raid6: avx2x2   gen() 16171 MB/s
[   17.009950] raid6: avx2x4   gen() 17031 MB/s
[   17.041549] raid6: using algorithm avx2x4 gen() 17031 MB/s
[   17.076106] raid6: using avx2x2 recovery algorithm
[   17.121630] xor: automatically using best checksumming function:
[   17.213952]    avx       : 16205.000 MB/sec
[   17.236774] async_tx: api initialized (async)
[   17.265357] md: raid6 personality registered for level 6
[   17.294342] md: raid5 personality registered for level 5
[   17.309152] md: raid4 personality registered for level 4
[   17.342854] md: raid10 personality registered for level 10
done.
Begin: Running /scripts/init-premount ... done.
Begin: Mounti[   17.417588] Btrfs loaded
ng root file system ... Begin: Running /scripts/local-top ... done.
Begin: Running /scripts/local-premount ... Scanning for Btr[   17.470414] EXT4-fs (sda1): mounted filesystem with ordered data mode. Opts: (null)
fs filesystems
done.
Warning: fsck not present, so skipping root file system
done.
Begin: Running /scripts/local-bottom ... done.
Begin: Running /scripts/init-bottom ... done.
[   17.621352] systemd[1]: systemd 229 running in system mode. (+PAM +AUDIT +SELINUX +IMA +APPARMOR +SMACK +SYSVINIT +UTMP +LIBCRYPTSETUP +GCRYPT +GNUTLS +ACL +XZ -LZ4 +SECCOMP +BLKID +ELFUTILS +KMOD -IDN)
[   17.757580] systemd[1]: Detected virtualization oracle.
[   17.788443] systemd[1]: Detected architecture x86-64.

Welcome to [1mUbuntu 16.04.4 LTS[0m!

[   17.823104] systemd[1]: Set hostname to <ubuntu>.
[   17.854257] systemd[1]: Initializing machine ID from random generator.
[   17.905556] systemd[1]: Installed transient /etc/machine-id file.
[   18.191414] systemd[1]: Started Forward Password Requests to Wall Directory Watch.
[[0;32m  OK  [0m] Started Forward Password Requests to Wall Directory Watch.
[   18.242267] systemd[1]: Listening on LVM2 metadata daemon socket.
[[0;32m  OK  [0m] Listening on LVM2 metadata daemon socket.
[   18.286077] systemd[1]: Reached target User and Group Name Lookups.
[[0;32m  OK  [0m] Reached target User and Group Name Lookups.
[   18.338784] systemd[1]: Set up automount Arbitrary Executable File Formats File System Automount Point.
[[0;32m  OK  [0m] Set up automount Arbitrary Executab...ats File System Automount Point.
[   18.384193] systemd[1]: Listening on Syslog Socket.
[[0;32m  OK  [0m] Listening on Syslog Socket.
[   18.418469] systemd[1]: Reached target Swap.
[[0;32m  OK  [0m] Reached target Swap.
[   18.446407] systemd[1]: Listening on udev Kernel Socket.
[[0;32m  OK  [0m] Listening on udev Kernel Socket.
[   18.506656] systemd[1]: Created slice User and Session Slice.
[[0;32m  OK  [0m] Created slice User and Session Slice.
[   18.586244] systemd[1]: Listening on Device-mapper event daemon FIFOs.
[[0;32m  OK  [0m] Listening on Device-mapper event daemon FIFOs.
[   18.666303] systemd[1]: Listening on Journal Socket (/dev/log).
[[0;32m  OK  [0m] Listening on Journal Socket (/dev/log).
[   18.710476] systemd[1]: Listening on Journal Socket.
[[0;32m  OK  [0m] Listening on Journal Socket.
[   18.758852] systemd[1]: Listening on udev Control Socket.
[[0;32m  OK  [0m] Listening on udev Control Socket.
[   18.815050] systemd[1]: Listening on Journal Audit Socket.
[[0;32m  OK  [0m] Listening on Journal Audit Socket.
[   18.870700] systemd[1]: Created slice System Slice.
[[0;32m  OK  [0m] Created slice System Slice.
[   18.911204] systemd[1]: Starting Remount Root and Kernel File Systems...
[   18.955577] random: nonblocking pool is initialized
         Starting Remount[   18.982025] EXT4-fs (sda1): re-mounted. Opts: (null)
 Root and Kernel File Systems...
[   19.039370] systemd[1]: Mounting POSIX Message Queue File System...
         Mounting POSIX Message Queue File System...
[   19.135376] systemd[1]: Starting Nameserver information manager...
         Starting Nameserver information manager...
[   19.263224] systemd[1]: Starting Create list of required static device nodes for the current kernel...
         Starting Create list of required st... nodes for the current kernel...
[   19.380635] systemd[1]: Starting Load Kernel Modules...
         Starting Load Ke[   19.446933] Loading iSCSI transport class v2.0-870.
rnel Modules...[   19.492728] iscsi: registered transport (tcp)

[   19.535075] systemd[1]: Starting Monitoring of LVM2 mirrors, snapshots etc. using dmeventd or progress polling...
         Starting Monitoring of LVM2 mirrors... dmeventd [   19.639050] iscsi: registered transport (iser)
or progress polling...
[   19.675464] systemd[1]: Starting Set console keymap...
         Starting Set console keymap...
[   19.734516] systemd[1]: Reached target Slices.
[[0;32m  OK  [0m] Reached target Slices.
[   19.811179] systemd[1]: Starting Journal Service...
         Starting Journal Service...
[   19.847302] systemd[1]: Starting Uncomplicated firewall...
         Starting Uncomplicated firewall...
[   19.891005] systemd[1]: Mounting Debug File System...
         Mounting Debug File System...
[   19.944351] systemd[1]: Mounting Huge Pages File System...
         Mounting Huge Pages File System...
[   20.014547] systemd[1]: Created slice system-serial\x2dgetty.slice.
[[0;32m  OK  [0m] Created slice system-serial\x2dgetty.slice.
[   20.078046] systemd[1]: Reached target Encrypted Volumes.
[[0;32m  OK  [0m] Reached target Encrypted Volumes.
[   20.146286] systemd[1]: Listening on /dev/initctl Compatibility Named Pipe.
[[0;32m  OK  [0m] Listening on /dev/initctl Compatibility Named Pipe.
[   20.214336] systemd[1]: Started Trigger resolvconf update for networkd DNS.
[[0;32m  OK  [0m] Started Trigger resolvconf update for networkd DNS.
[   20.270360] systemd[1]: Listening on LVM2 poll daemon socket.
[[0;32m  OK  [0m] Listening on LVM2 poll daemon socket.
[   20.328860] systemd[1]: Mounted Huge Pages File System.
[[0;32m  OK  [0m] Mounted Huge Pages File System.
[   20.378475] systemd[1]: Mounted POSIX Message Queue File System.
[[0;32m  OK  [0m] Mounted POSIX Message Queue File System.
[   20.426105] systemd[1]: Mounted Debug File System.
[[0;32m  OK  [0m] Mounted Debug File System.
[   20.474380] systemd[1]: Started Journal Service.
[[0;32m  OK  [0m] Started Journal Service.
[[0;32m  OK  [0m] Started Remount Root and Kernel File Systems.
[[0;32m  OK  [0m] Started Create list of required sta...ce nodes for the current kernel.
[[0;32m  OK  [0m] Started Load Kernel Modules.
[[0;32m  OK  [0m] Started Set console keymap.
[[0;32m  OK  [0m] Started Uncomplicated firewall.
[[0;32m  OK  [0m] Started Nameserver information manager.
[[0;32m  OK  [0m] Started LVM2 metadata daemon.
         Mounting FUSE Control File System...
         Starting Apply Kernel Variables...
         Starting Create Static Device Nodes in /dev...
         Starting Initial cloud-init job (pre-networking)...
         Starting Load/Save Random Seed...
         Starting udev Coldplug all Devices...
         Starting Flush Journal to Persistent Storage...
[[0;32m  OK  [0m] Mounted FUSE Control File System.
[[0;32m  OK  [0m] Started Apply Kernel Variables.
[[0;32m  OK  [0m] Started Create Static Device Nodes in /dev.
[[0;32m  OK  [0m] Started Load/Save Random Seed.
         Starting udev Kernel Device Manager...
[[0;32m  OK  [0m] Started Flush Journal to Persistent Storage.
[[0;32m  OK  [0m] Started udev Kernel Device Manager.
[[0;32m  OK  [0m] Started Monitoring of LVM2 mirrors,...ng dmeventd or progress polling.
[[0;32m  OK  [0m] Started udev Coldplug all Devices.
[[0;32m  OK  [0m] Reached target Local File Systems (Pre).
[[0;32m  OK  [0m] Reached target Local File Systems.
         Starting Set console font and keymap...
         Starting Tell Plymouth To Write Out Runtime Data...
         Starting LSB: AppArmor initialization...
         Starting Commit a transient machine-id on disk...
[[0;32m  OK  [0m] Started Dispatch Password Requests to Console Directory Watch.
         Starting Create Volatile Files and Directories...
[[0;32m  OK  [0m] Started Tell Plymouth To Write Out Runtime Data.
[[0;32m  OK  [0m] Started Commit a transient machine-id on disk.
[[0;32m  OK  [0m] Started Create Volatile Files and Directories.
[[0;32m  OK  [0m] Found device /dev/ttyS0.
         Starting Update UTMP about System Boot/Shutdown...
[[0;32m  OK  [0m] Reached target System Time Synchronized.
[[0;32m  OK  [0m] Started Update UTMP about System Boot/Shutdown.
[[0;32m  OK  [0m] Started Set console font and keymap.
[[0;32m  OK  [0m] Created slice system-getty.slice.
[   19.129656] cloud-init[448]: Cloud-init v. 17.2 running 'init-local' at Thu, 22 Mar 2018 15:09:11 +0000. Up 17.73 seconds.
[[0;32m  OK  [0m] Listening on Load/Save RF Kill Switch Status /dev/rfkill Watch.
[[0;32m  OK  [0m] Started Initial cloud-init job (pre-networking).
[[0;32m  OK  [0m] Reached target Network (Pre).
[[0;32m  OK  [0m] Started LSB: AppArmor initialization.
         Starting Raise network interfaces...
[[0;32m  OK  [0m] Started Raise network interfaces.
[[0;32m  OK  [0m] Reached target Network.
         Starting Initial cloud-init job (metadata service crawler)...
[   22.076698] cloud-init[954]: Cloud-init v. 17.2 running 'init' at Thu, 22 Mar 2018 15:09:15 +0000. Up 21.45 seconds.
[   22.156676] cloud-init[954]: ci-info: ++++++++++++++++++++++++++++++++++++++Net device info++++++++++++++++++++++++++++++++++++++
[   22.228439] cloud-init[954]: ci-info: +--------+-------+----------------------------+---------------+-------+-------------------+
[   22.229981] cloud-init[954]: ci-info: | Device |   Up  |          Address           |      Mask     | Scope |     Hw-Address    |
[   22.230174] cloud-init[954]: ci-info: +--------+-------+----------------------------+---------------+-------+-------------------+
[   22.231976] cloud-init[954]: ci-info: | enp0s3 |  True |         10.0.2.15          | 255.255.255.0 |   .   | 02:ec:c5:86:c8:d5 |
[[0;32m  OK  [0m] Started Initial cloud-init job (metadata service crawler).
[   22.232467] cloud-init[954]: ci-info: | enp0s3 |  True | fe80::ec:c5ff:fe86:c8d5/64 |       .       |  link | 02:ec:c5:86:c8:d5 |
[   22.500583] cloud-init[954]: ci-info: | enp0s8 | False |             .              |       .       |   .   | 08:00:27:7d:65:15 |
[[0;32m  OK  [0m] Reached target Cloud-config availability.
[   22.583958] cloud-init[954]: ci-info: |   lo   |  True |         127.0.0.1          |   255.0.0.0   |   .   |         .         |
[[0;32m  OK  [0m] Reached target System Initialization.
[   22.730908] cloud-init[954]: ci-info: |   lo   |  True |          ::1/128           |       .       |  host |         .         |
[[0;32m  OK  [0m] Started Daily Cleanup of Temporary Directories.
[[0;32m  OK  [0m] Started Timer to automatically refresh installed snaps.
[[0;32m  OK  [0m[   22.845727] cloud-init[954]: ci-info: +--------+-------+----------------------------+---------------+-------+-------------------+
[   22.916315] cloud-init[954]: ci-info: +++++++++++++++++++++++++++Route IPv4 info++++++++++++++++++++++++++++
[   22.916370] cloud-init[954]: ci-info: +-------+-------------+----------+---------------+-----------+-------+
[   22.916430] cloud-init[954]: ci-info: | Route | Destination | Gateway  |    Genmask    | Interface | Flags |
[   22.916481] cloud-init[954]: ci-info: +-------+-------------+----------+---------------+-----------+-------+
[   22.916531] cloud-init[954]: ci-info: |   0   |   0.0.0.0   | 10.0.2.2 |    0.0.0.0    |   enp0s3  |   UG  |
[   22.916582] cloud-init[954]: ci-info: |   1   |   10.0.2.0  | 0.0.0.0  | 255.255.255.0 |   enp0s3  |   U   |
[   22.916632] cloud-init[954]: ci-info: +-------+-------------+----------+---------------+-----------+-------+
[   22.916708] cloud-init[954]: Generating public/private rsa key pair.
[   22.916764] cloud-init[954]: Your identification has been saved in /etc/ssh/ssh_host_rsa_key.
[   22.916814] cloud-init[954]: Your public key has been saved in /etc/ssh/ssh_host_rsa_key.pub.
[   22.916862] cloud-init[954]: The key fingerprint is:
[   22.916911] cloud-init[954]: SHA256:aHJ9EyjpH8NJBgEZV7qKONmIePfwxED70Vx99af0kBs root@ubuntu-xenial
[   22.916961] cloud-init[954]: The key's randomart image is:
[   22.917010] cloud-init[954]: +---[RSA 2048]----+
[   22.917058] cloud-init[954]: |    o++o.       .|
[   22.917635] cloud-init[954]: |    .. + . .   o.|
[   22.917722] cloud-init[954]: |    . + + o . E o|
[   22.917795] cloud-init[954]: |   . o @ o . o *.|
[   22.917858] cloud-init[954]: |    + B S o   o .|
[   22.917963] cloud-init[954]: |o= . O o + .     |
[   22.918032] cloud-init[954]: |B + + + .        |
[   22.918304] cloud-init[954]: | o . =           |
[   22.918383] cloud-init[954]: |      o          |
[   22.918454] cloud-init[954]: +----[SHA256]-----+
[   22.918533] cloud-init[954]: Generating public/private dsa key pair.
[   22.918724] cloud-init[954]: Your identification has been saved in /etc/ssh/ssh_host_dsa_key.
[   22.918803] cloud-init[954]: Your public key has been saved in /etc/ssh/ssh_host_dsa_key.pub.
[   22.918912] cloud-init[954]: The key fingerprint is:
[   22.919038] cloud-init[954]: SHA256:rqFjJlcu4ECBufQZlbpl06norCI3+8S6mZC6x3Reod8 root@ubuntu-xenial
[   22.919244] cloud-init[954]: The key's randomart image is:
[   22.919360] cloud-init[954]: +---[DSA 1024]----+
[   22.919440] cloud-init[954]: |..  ...          |
[   22.919554] cloud-init[954]: |oo . .           |
[   22.919700] cloud-init[954]: |..o + . .        |
[   22.919901] cloud-init[954]: |.. + +.o         |
] Started Daily apt download activities.
[[0;32m  OK  [0m] Listening on ACPID Listen Socket.
[[   22.920120] cloud-init[954]: |.   =.o.S        |
[   24.004927] cloud-init[954]: |..o+o.o.         |
[   24.005010] cloud-init[954]: |o=o+o=...        |
[   24.005081] cloud-init[954]: |+.BBB.ooE        |
[   24.005150] cloud-init[954]: |==BXoo.          |
[   24.005218] cloud-init[954]: +----[SHA256]-----+
[   24.005383] cloud-init[954]: Generating public/private ecdsa key pair.
[   24.005438] cloud-init[954]: Your identification has been saved in /etc/ssh/ssh_host_ecdsa_key.
[   24.005486] cloud-init[954]: Your public key has been saved in /etc/ssh/ssh_host_ecdsa_key.pub.
[   24.005532] cloud-init[954]: The key fingerprint is:
[   24.005577] cloud-init[954]: SHA256:ysYxlqGGtetkvf3449ubJvO/ZenCGKkYL9sS/71JdX4 root@ubuntu-xenial
[   24.005622] cloud-init[954]: The key's randomart image is:
[   24.005667] cloud-init[954]: +---[ECDSA 256]---+
[   24.005713] cloud-init[954]: |                 |
[   24.005763] cloud-init[954]: |                 |
[   24.005807] cloud-init[954]: |    . .          |
[   24.005852] cloud-init[954]: |   o o o         |
[   24.005895] cloud-init[954]: |  . + = S   .  ..|
[   24.005941] cloud-init[954]: |   . * *   o  ..o|
[   24.005984] cloud-init[954]: |    + * * . +. .E|
[   24.006029] cloud-init[954]: |   + . *.=+o++oo.|
[   24.006074] cloud-init[954]: |    . ..*=*O=*=o |
[   24.006118] cloud-init[954]: +----[SHA256]-----+
[   24.006163] cloud-init[954]: Generating public/private ed25519 key pair.
[   24.006208] cloud-init[954]: Your identification has been saved in /etc/ssh/ssh_host_ed25519_key.
[   24.006257] cloud-init[954]: Your public key has been saved in /etc/ssh/ssh_host_ed25519_key.pub.
[   24.006302] cloud-init[954]: The key fingerprint is:
[   24.006347] cloud-init[954]: SHA256:Fd4OyRauD6ZcZu2jsph0B/2Vgoxx2SV+PG4dqCpwgNk root@ubuntu-xenial
[   24.006393] cloud-init[954]: The key's randomart image is:
[   24.006439] cloud-init[954]: +--[ED25519 256]--+
[   24.006484] cloud-init[954]: |          + .    |
[   24.006529] cloud-init[954]: |   +     B O .   |
[   24.006576] cloud-init[954]: |  o E . o @ * .  |
[   24.006621] cloud-init[954]: |     . * * * + . |
[   24.006667] cloud-init[954]: |    . + S + * .  |
[   24.007156] cloud-init[954]: |     + B * +     |
[   24.007233] cloud-init[954]: |    . = o =      |
[   24.007312] cloud-init[954]: |   . +.o . .     |
[   24.007680] cloud-init[954]: |    o .o.        |
[   24.007756] cloud-init[954]: +----[SHA256]-----+
[0;32m  OK  [0m] Listening on UUID daemon activation socket.
[[0;32m  OK  [0m] Started ACPI Events Check.
[[0;32m  OK  [0m] Reached target Paths.
         Starting Socket activation for snappy daemon.
[[0;32m  OK  [0m] Listening on D-Bus System Message Bus Socket.
[[0;32m  OK  [0m] Started Daily apt upgrade and clean activities.
[[0;32m  OK  [0m] Reached target Timers.
         Starting LXD - unix socket.
[[0;32m  OK  [0m] Reached target Network is Online.
         Starting iSCSI initiator daemon (iscsid)...
[[0;32m  OK  [0m] Listening on Socket activation for snappy daemon.
[[0;32m  OK  [0m] Listening on LXD - unix socket.
[[0;32m  OK  [0m] Started iSCSI initiator daemon (iscsid).
         Starting Login to default iSCSI targets...
[[0;32m  OK  [0m] Reached target Sockets.
[[0;32m  OK  [0m] Reached target Basic System.
[[0;32m  OK  [0m] Started D-Bus System Message Bus.
         Starting /etc/rc.local Compatibility...
         Starting LSB: MD monitoring daemon...
         Starting Apply the settings specified in cloud-config...
[[0;32m  OK  [0m] Started Unattended Upgrades Shutdown.
         Starting Login Service...
[[0;32m  OK  [0m] Started FUSE filesystem for LXC.
         Starting Accounts Service...
         Starting Snappy daemon...
[[0;32m  OK  [0m] Started Deferred execution scheduler.
         Starting LXD - container startup/shutdown...
         Starting System Logging Service...
         Starting LSB: Record successful boot for GRUB...
[[0;32m  OK  [0m] Started Regular background program processing daemon.
[[0;32m  OK  [0m] Started ACPI event daemon.
         Starting Pollinate to seed the pseudo random number generator...
[[0;32m  OK  [0m] Started System Logging Service.
[[0;32m  OK  [0m] Started Snappy daemon.
[[0;32m  OK  [0m] Started /etc/rc.local Compatibility.
[[0;32m  OK  [0m] Started LXD - container startup/shutdown.
[[0;32m  OK  [0m] Started Login to default iSCSI targets.
[[0;32m  OK  [0m] Started LSB: MD monitoring daemon.
[[0;32m  OK  [0m] Started Login Service.
[[0;32m  OK  [0m] Started LSB: Record successful boot for GRUB.
         Starting Authenticate and Authorize Users to Run Privileged Tasks...
[[0;32m  OK  [0m] Reached target Remote File Systems (Pre).
[[0;32m  OK  [0m] Reached target Remote File Systems.
         Starting LSB: VirtualBox Linux Additions...
         Starting LSB: daemon to balance interrupts for SMP systems...
         Starting Permit User Sessions...
         Starting LSB: Set the CPU Frequency Scaling governor to "ondemand"...
         Starting LSB: automatic crash report generation...
[[0;32m  OK  [0m] Started Permit User Sessions.
[[0;32m  OK  [0m] Started Authenticate and Authorize Users to Run Privileged Tasks.
[[0;32m  OK  [0m] Started Accounts Service.
         Starting Terminate Plymouth Boot Screen...
         Starting Hold until boot process finishes up...
[[0;32m  OK  [0m] Started Terminate Plymouth Boot Screen.
[[0;32m  OK  [0m] Started LSB: Set the CPU Frequency Scaling governor to "ondemand".
[[0;32m  OK  [0m] Started Hold until boot process finishes up.
[[0;32m  OK  [0m] Started LSB: automatic crash report generation.
[[0;32m  OK  [0m] Started LSB: daemon to balance interrupts for SMP systems.
[[0;32m  OK  [0m] Started Serial Getty on ttyS0.
[[0;32m  OK  [0m] Started Getty on tty1.
[[0;32m  OK  [0m] Reached target Login Prompts.
         Starting Set console scheme...
[[0;32m  OK  [0m] Started Set console scheme.
[[0;32m  OK  [0m] Started LSB: VirtualBox Linux Additions.
[[0;32m  OK  [0m] Started Pollinate to seed the pseudo random number generator.
         Starting OpenBSD Secure Shell server...
[[0;32m  OK  [0m] Started OpenBSD Secure Shell server.
[[0;32m  OK  [0m] Reached target Multi-User System.
[[0;32m  OK  [0m] Reached target Graphical Interface.
         Starting Update UTMP about System Runlevel Changes...
[[0;32m  OK  [0m] Started Update UTMP about System Runlevel Changes.
[   28.145485] cloud-init[1070]: Generating locales (this might take a while)...
[[0;32m  OK  [0m] Created slice User Slice of vagrant.
         Starting User Manager for UID 1000...
[[0;32m  OK  [0m] Started Session 1 of user vagrant.
[[0;32m  OK  [0m] Started User Manager for UID 1000.
[   30.114182] cloud-init[1070]:   en_US.UTF-8... done
[   30.188772] cloud-init[1070]: Generation complete.
[   30.867316] cloud-init[1070]: Cloud-init v. 17.2 running 'modules:config' at Thu, 22 Mar 2018 15:09:21 +0000. Up 27.78 seconds.
[[0;32m  OK  [0m] Started Apply the settings specified in cloud-config.
         Starting Execute cloud user/final scripts...
         Stopping User Manager for UID 1000...
[[0;32m  OK  [0m] Stopped User Manager for UID 1000.
[[0;32m  OK  [0m] Removed slice User Slice of vagrant.
[[0;32m  OK  [0m] Created slice User Slice of vagrant.
         Starting User Manager for UID 1000...
[[0;32m  OK  [0m] Started Session 2 of user vagrant.
[[0;32m  OK  [0m] Started User Manager for UID 1000.
ci-info: no authorized ssh keys fingerprints found for user ubuntu.
<14>Mar 22 15:09:25 ec2: 
<14>Mar 22 15:09:25 ec2: #############################################################
<14>Mar 22 15:09:25 ec2: -----BEGIN SSH HOST KEY FINGERPRINTS-----
<14>Mar 22 15:09:25 ec2: 1024 SHA256:rqFjJlcu4ECBufQZlbpl06norCI3+8S6mZC6x3Reod8 root@ubuntu-xenial (DSA)
<14>Mar 22 15:09:25 ec2: 256 SHA256:ysYxlqGGtetkvf3449ubJvO/ZenCGKkYL9sS/71JdX4 root@ubuntu-xenial (ECDSA)
<14>Mar 22 15:09:25 ec2: 256 SHA256:Fd4OyRauD6ZcZu2jsph0B/2Vgoxx2SV+PG4dqCpwgNk root@ubuntu-xenial (ED25519)
<14>Mar 22 15:09:25 ec2: 2048 SHA256:aHJ9EyjpH8NJBgEZV7qKONmIePfwxED70Vx99af0kBs root@ubuntu-xenial (RSA)
<14>Mar 22 15:09:25 ec2: -----END SSH HOST KEY FINGERPRINTS-----
<14>Mar 22 15:09:25 ec2: #############################################################
-----BEGIN SSH HOST KEY KEYS-----
ecdsa-sha2-nistp256 AAAAE2VjZHNhLXNoYTItbmlzdHAyNTYAAAAIbmlzdHAyNTYAAABBBF2vigGrP10L0DbGow9E+dDVXKI6ZqA/pg7+zLR7DcMFKRNC7DGjjqkFU8YwCJKj5OVsayOJ9ncC+KEICzRfrV8= root@ubuntu-xenial
ssh-ed25519 AAAAC3NzaC1lZDI1NTE5AAAAIFG2J8BoeIS5DQmXEZZu+CN24ZMZim+WUxfxsTteEMEl root@ubuntu-xenial
ssh-rsa AAAAB3NzaC1yc2EAAAADAQABAAABAQC7msfV+iu/fmTBPSH4DYnQsABRNvnnYGbPKPDoNe+GkF24rvXROUrS17aUnFymsi424v8QAeiFbxi/lYGt544ZNI+qLYmLU1mgZjhfKVlDVO8GZk+sd5UUgeqSbUBUyezvNn61MMIbv2NIhsfjvgrWdnNtFRhkgu9kC19mydBhKZnbc00nHY2qbQ1BRZY28WSXqlDfI0nCTysLrbR9YtlAoPX0bZT6tLIlOuQGEQn4aTHm82Muamw57177/NeWqwk42l7bwVtj/xtJBx0WVnkzQ1ieKD2PFv0jNLNwNSh16+skOAnG5FcppItQfK0zzzlVAgUJljGVkGQe7bophPm7 root@ubuntu-xenial
-----END SSH HOST KEY KEYS-----
[   32.567551] cloud-init[1483]: Cloud-init v. 17.2 running 'modules:final' at Thu, 22 Mar 2018 15:09:25 +0000. Up 31.58 seconds.
[   32.568098] cloud-init[1483]: ci-info: no authorized ssh keys fingerprints found for user ubuntu.
[   32.568241] cloud-init[1483]: Cloud-init v. 17.2 finished at Thu, 22 Mar 2018 15:09:26 +0000. Datasource DataSourceNoCloud [seed=/dev/sdb][dsmode=net].  Up 32.53 seconds

Ubuntu 16.04.4 LTS community ttyS0

community login: 